<?xml version="1.0" encoding="UTF-8"?>
<!-- Generated by org.testng.reporters.JUnitXMLReporter -->
<testsuite ignored="0" hostname="DESKTOP-5JFS7KH" failures="0" tests="3" name="Default test" time="112.597" errors="0" timestamp="2022-08-20T02:41:48 WIB">
  <testcase classname="com.ujianmingguan.main.TestUjianMingguKe4" name="TestRegistrasiDanLogin" time="14.751"/>
  <testcase classname="com.ujianmingguan.main.TestUjianMingguKe4" name="TestPembelianDanCompare" time="43.502"/>
  <testcase classname="com.ujianmingguan.main.TestUjianMingguKe4" name="TestIdentitasUserDanCheckOut" time="10.36"/>
</testsuite> <!-- Default test -->
