<?xml version="1.0" encoding="UTF-8"?>
<testng-results ignored="0" total="3" passed="3" failed="0" skipped="0">
  <reporter-output>
  </reporter-output>
  <suite started-at="2022-08-20T02:39:56 WIB" name="Default suite" finished-at="2022-08-20T02:41:48 WIB" duration-ms="112597">
    <groups>
    </groups>
    <test started-at="2022-08-20T02:39:56 WIB" name="Default test" finished-at="2022-08-20T02:41:48 WIB" duration-ms="112597">
      <class name="com.ujianmingguan.main.TestUjianMingguKe4">
        <test-method is-config="true" signature="setup()[pri:0, instance:com.ujianmingguan.main.TestUjianMingguKe4@470f1802]" started-at="2022-08-20T02:39:56 WIB" name="setup" finished-at="2022-08-20T02:40:34 WIB" duration-ms="38339" status="PASS">
          <reporter-output>
          </reporter-output>
        </test-method> <!-- setup -->
        <test-method is-config="true" signature="pageObject()[pri:0, instance:com.ujianmingguan.main.TestUjianMingguKe4@470f1802]" started-at="2022-08-20T02:40:34 WIB" name="pageObject" finished-at="2022-08-20T02:40:34 WIB" duration-ms="24" status="PASS">
          <reporter-output>
          </reporter-output>
        </test-method> <!-- pageObject -->
        <test-method signature="TestRegistrasiDanLogin()[pri:1, instance:com.ujianmingguan.main.TestUjianMingguKe4@470f1802]" started-at="2022-08-20T02:40:34 WIB" name="TestRegistrasiDanLogin" finished-at="2022-08-20T02:40:49 WIB" duration-ms="14751" status="PASS">
          <reporter-output>
          </reporter-output>
        </test-method> <!-- TestRegistrasiDanLogin -->
        <test-method is-config="true" signature="pageObject()[pri:0, instance:com.ujianmingguan.main.TestUjianMingguKe4@470f1802]" started-at="2022-08-20T02:40:49 WIB" name="pageObject" finished-at="2022-08-20T02:40:49 WIB" duration-ms="1" status="PASS">
          <reporter-output>
          </reporter-output>
        </test-method> <!-- pageObject -->
        <test-method signature="TestPembelianDanCompare()[pri:2, instance:com.ujianmingguan.main.TestUjianMingguKe4@470f1802]" started-at="2022-08-20T02:40:49 WIB" name="TestPembelianDanCompare" finished-at="2022-08-20T02:41:32 WIB" duration-ms="43502" status="PASS">
          <reporter-output>
          </reporter-output>
        </test-method> <!-- TestPembelianDanCompare -->
        <test-method is-config="true" signature="pageObject()[pri:0, instance:com.ujianmingguan.main.TestUjianMingguKe4@470f1802]" started-at="2022-08-20T02:41:32 WIB" name="pageObject" finished-at="2022-08-20T02:41:32 WIB" duration-ms="1" status="PASS">
          <reporter-output>
          </reporter-output>
        </test-method> <!-- pageObject -->
        <test-method signature="TestIdentitasUserDanCheckOut()[pri:3, instance:com.ujianmingguan.main.TestUjianMingguKe4@470f1802]" started-at="2022-08-20T02:41:32 WIB" name="TestIdentitasUserDanCheckOut" finished-at="2022-08-20T02:41:43 WIB" duration-ms="10360" status="PASS">
          <reporter-output>
          </reporter-output>
        </test-method> <!-- TestIdentitasUserDanCheckOut -->
        <test-method is-config="true" signature="closeBrowser()[pri:0, instance:com.ujianmingguan.main.TestUjianMingguKe4@470f1802]" started-at="2022-08-20T02:41:43 WIB" name="closeBrowser" finished-at="2022-08-20T02:41:48 WIB" duration-ms="5590" status="PASS">
          <reporter-output>
          </reporter-output>
        </test-method> <!-- closeBrowser -->
      </class> <!-- com.ujianmingguan.main.TestUjianMingguKe4 -->
    </test> <!-- Default test -->
  </suite> <!-- Default suite -->
</testng-results>
